-------------------------------------------------------------------------------
Test set: com.mattu.vendingmachine.service.VendingMachineServiceImplTest
-------------------------------------------------------------------------------
Tests run: 4, Failures: 1, Errors: 0, Skipped: 0, Time elapsed: 0.3 s <<< FAILURE! - in com.mattu.vendingmachine.service.VendingMachineServiceImplTest
testSellItem  Time elapsed: 0.102 s  <<< FAILURE!
org.opentest4j.AssertionFailedError: Change return should be 9.00 ==> expected: <9.0> but was: <9.01>
	at com.mattu.vendingmachine.service.VendingMachineServiceImplTest.testSellItem(VendingMachineServiceImplTest.java:105)

